<?xml version="1.0" encoding="UTF-8"?>
<!-- Generated by org.testng.reporters.JUnitXMLReporter -->
<testsuite hostname="DESKTOP-V6UAPD8" failures="0" tests="4" name="Test" time="127.756" errors="0" timestamp="16 May 2024 06:51:14 GMT">
  <testcase classname="amazon.testcases.TC_myaccountpageTest" name="VerifySignOut" time="8.624"/>
  <testcase classname="amazon.testcases.TC_myaccountpageTest" name="verifylogin" time="9.257"/>
  <testcase classname="amazon.testcases.TC_productpage" name="VerifyBuyProduct" time="56.427"/>
  <testcase classname="amazon.testcases.TC_productpage" name="VerifySearchProduct" time="9.901"/>
</testsuite> <!-- Test -->
