<?xml version="1.0" encoding="UTF-8"?>
<testng-results total="4" passed="4" failed="0" skipped="0">
  <reporter-output>
  </reporter-output>
  <suite started-at="2024-05-16T06:49:06Z" name="Suite" finished-at="2024-05-16T06:51:14Z" duration-ms="127756">
    <groups>
    </groups>
    <test started-at="2024-05-16T06:49:06Z" name="Test" finished-at="2024-05-16T06:51:14Z" duration-ms="127756">
      <class name="amazon.testcases.TC_productpage">
        <test-method is-config="true" signature="setup()[pri:0, instance:amazon.testcases.TC_productpage@9ebe38b]" started-at="2024-05-16T12:20:00Z" name="setup" finished-at="2024-05-16T12:20:07Z" duration-ms="7187" status="PASS">
          <reporter-output>
          </reporter-output>
        </test-method> <!-- setup -->
        <test-method signature="VerifyBuyProduct()[pri:0, instance:amazon.testcases.TC_productpage@9ebe38b]" started-at="2024-05-16T12:20:07Z" name="VerifyBuyProduct" finished-at="2024-05-16T12:21:04Z" duration-ms="56427" status="PASS">
          <reporter-output>
          </reporter-output>
        </test-method> <!-- VerifyBuyProduct -->
        <test-method signature="VerifySearchProduct()[pri:0, instance:amazon.testcases.TC_productpage@9ebe38b]" started-at="2024-05-16T12:21:04Z" name="VerifySearchProduct" finished-at="2024-05-16T12:21:14Z" duration-ms="9901" status="PASS">
          <reporter-output>
          </reporter-output>
        </test-method> <!-- VerifySearchProduct -->
        <test-method is-config="true" signature="tearDown()[pri:0, instance:amazon.testcases.TC_productpage@9ebe38b]" started-at="2024-05-16T12:21:14Z" name="tearDown" finished-at="2024-05-16T12:21:14Z" duration-ms="381" status="PASS">
          <reporter-output>
          </reporter-output>
        </test-method> <!-- tearDown -->
      </class> <!-- amazon.testcases.TC_productpage -->
      <class name="amazon.testcases.TC_myaccountpageTest">
        <test-method is-config="true" signature="setup()[pri:0, instance:amazon.testcases.TC_myaccountpageTest@1603cd68]" started-at="2024-05-16T12:19:07Z" name="setup" finished-at="2024-05-16T12:19:42Z" duration-ms="34964" status="PASS">
          <reporter-output>
          </reporter-output>
        </test-method> <!-- setup -->
        <test-method signature="VerifySignOut()[pri:0, instance:amazon.testcases.TC_myaccountpageTest@1603cd68]" started-at="2024-05-16T12:19:42Z" name="VerifySignOut" finished-at="2024-05-16T12:19:50Z" duration-ms="8624" status="PASS">
          <reporter-output>
          </reporter-output>
        </test-method> <!-- VerifySignOut -->
        <test-method signature="verifylogin()[pri:0, instance:amazon.testcases.TC_myaccountpageTest@1603cd68]" started-at="2024-05-16T12:19:50Z" name="verifylogin" finished-at="2024-05-16T12:20:00Z" duration-ms="9257" status="PASS">
          <reporter-output>
          </reporter-output>
        </test-method> <!-- verifylogin -->
        <test-method is-config="true" signature="tearDown()[pri:0, instance:amazon.testcases.TC_myaccountpageTest@1603cd68]" started-at="2024-05-16T12:20:00Z" name="tearDown" finished-at="2024-05-16T12:20:00Z" duration-ms="547" status="PASS">
          <reporter-output>
          </reporter-output>
        </test-method> <!-- tearDown -->
      </class> <!-- amazon.testcases.TC_myaccountpageTest -->
    </test> <!-- Test -->
  </suite> <!-- Suite -->
</testng-results>
